<?xml version="1.0" encoding="UTF-8"?>
<!-- Generated by org.testng.reporters.JUnitReportReporter -->
<testsuite name="example.NewTest" tests="1" time="3.452" ignored="0" failures="0" timestamp="21 Jun 2017 07:29:55 GMT" skipped="0" hostname="ADS40" errors="0">
  <testcase name="testEasy" time="3.452" classname="example.NewTest"/>
</testsuite> <!-- example.NewTest -->
